#
# There is insufficient memory for the Java Runtime Environment to continue.
# Native memory allocation (mmap) failed to map 127926272 bytes for Failed to commit area from 0x0000000086600000 to 0x000000008e000000 of length 127926272.
# Possible reasons:
#   The system is out of physical RAM or swap space
#   The process is running with CompressedOops enabled, and the Java Heap may be blocking the growth of the native heap
# Possible solutions:
#   Reduce memory load on the system
#   Increase physical memory or swap space
#   Check if swap backing store is full
#   Decrease Java heap size (-Xmx/-Xms)
#   Decrease number of Java threads
#   Decrease Java thread stack sizes (-Xss)
#   Set larger code cache with -XX:ReservedCodeCacheSize=
# This output file may be truncated or incomplete.
#
#  Out of Memory Error (c:/cygwin64/tmp/openjdk-jdk13u-windows-x64-hotspot/workspace/build/src/src/hotspot/os/windows/os_windows.cpp:3301), pid=9936, tid=5056
#
# JRE version:  (13.0.2+8) (build )
# Java VM: OpenJDK 64-Bit Server VM (13.0.2+8, mixed mode, aot, sharing, tiered, compressed oops, g1 gc, windows-amd64)
# No core dump will be written. Minidumps are not enabled by default on client versions of Windows
#

---------------  S U M M A R Y ------------

Command Line: -Dfile.encoding=Cp1252 Assignment1.ArmstrongNumber

Host: Intel(R) Core(TM) i5-1035G4 CPU @ 1.10GHz, 8 cores, 7G,  Windows 10 , 64 bit Build 18362 (10.0.18362.900)
Time: Thu Jun 18 09:56:50 2020 Västeuropa, sommartid elapsed time: 0 seconds (0d 0h 0m 0s)

---------------  T H R E A D  ---------------

Current thread (0x00000229d33c9800):  JavaThread "Unknown thread" [_thread_in_vm, id=5056, stack(0x000000a301200000,0x000000a301300000)]

Stack: [0x000000a301200000,0x000000a301300000]
Native frames: (J=compiled Java code, j=interpreted, Vv=VM code, C=native code)
V  [jvm.dll+0x62b46a]
V  [jvm.dll+0x7d438a]
V  [jvm.dll+0x7d5b3f]
V  [jvm.dll+0x7d6143]
V  [jvm.dll+0x24d858]
V  [jvm.dll+0x62877a]
V  [jvm.dll+0x61d585]
V  [jvm.dll+0x30ccfc]
V  [jvm.dll+0x30cb32]
V  [jvm.dll+0x3122a6]
V  [jvm.dll+0x3564d6]
V  [jvm.dll+0x355cb0]
V  [jvm.dll+0x2e778a]
V  [jvm.dll+0x2e8a22]
V  [jvm.dll+0x7b0fc8]
V  [jvm.dll+0x363f19]
V  [jvm.dll+0x7940b5]
V  [jvm.dll+0x3ceb2f]
V  [jvm.dll+0x3d0e71]
C  [jli.dll+0x51ff]
C  [ucrtbase.dll+0x20e82]
C  [KERNEL32.DLL+0x17bd4]
C  [ntdll.dll+0x6ce51]


---------------  P R O C E S S  ---------------

Threads class SMR info:
_java_thread_list=0x00007ff918d445b8, length=0, elements={
}

Java Threads: ( => current thread )

Other Threads:
  0x00000229d340a800 GCTaskThread "GC Thread#0" [stack: 0x000000a301300000,0x000000a301400000] [id=11212]
  0x00000229d341e000 ConcurrentGCThread "G1 Main Marker" [stack: 0x000000a301400000,0x000000a301500000] [id=9228]
  0x00000229d3422800 ConcurrentGCThread "G1 Conc#0" [stack: 0x000000a301500000,0x000000a301600000] [id=11128]

[error occurred during error reporting (printing all threads), id 0xc0000005, EXCEPTION_ACCESS_VIOLATION (0xc0000005) at pc=0x00007ff9184f7507]

VM state:not at safepoint (not fully initialized)

VM Mutex/Monitor currently owned by a thread:  ([mutex/lock_event])
[0x00000229d33c5eb0] Heap_lock - owner thread: 0x00000229d33c9800

Heap address: 0x0000000086600000, size: 1946 MB, Compressed Oops mode: Non-zero based: 0x0000000086600000
Narrow klass base: 0x0000000000000000, Narrow klass shift: 0

GC Heap History (0 events):
No events

Deoptimization events (0 events):
No events

Classes unloaded (0 events):
No events

Classes redefined (0 events):
No events

Internal exceptions (0 events):
No events

Events (8 events):
Event: 0.025 Loaded shared library C:\Program Files\AdoptOpenJDK\jdk-13.0.2.8-hotspot\bin\zip.dll
Event: 0.026 Loaded shared library C:\Program Files\AdoptOpenJDK\jdk-13.0.2.8-hotspot\bin\jimage.dll
Event: 0.028 Loading shared library C:\Program Files\AdoptOpenJDK\jdk-13.0.2.8-hotspot\lib\libjava.base-coop.dll failed, error code 126
Event: 0.029 Loading shared library C:\Program Files\AdoptOpenJDK\jdk-13.0.2.8-hotspot\lib\libjava.logging-coop.dll failed, error code 126
Event: 0.029 Loading shared library C:\Program Files\AdoptOpenJDK\jdk-13.0.2.8-hotspot\lib\libjdk.compiler-coop.dll failed, error code 126
Event: 0.029 Loading shared library C:\Program Files\AdoptOpenJDK\jdk-13.0.2.8-hotspot\lib\libjdk.scripting.nashorn-coop.dll failed, error code 126
Event: 0.029 Loading shared library C:\Program Files\AdoptOpenJDK\jdk-13.0.2.8-hotspot\lib\libjdk.internal.vm.ci-coop.dll failed, error code 126
Event: 0.029 Loading shared library C:\Program Files\AdoptOpenJDK\jdk-13.0.2.8-hotspot\lib\libjdk.internal.vm.compiler-coop.dll failed, error code 126


Dynamic libraries:
0x00007ff649060000 - 0x00007ff64906d000 	C:\Program Files\AdoptOpenJDK\jdk-13.0.2.8-hotspot\bin\javaw.exe
0x00007ff957e40000 - 0x00007ff958030000 	C:\windows\SYSTEM32\ntdll.dll
0x00007ff957d40000 - 0x00007ff957df2000 	C:\windows\System32\KERNEL32.DLL
0x00007ff954fd0000 - 0x00007ff955274000 	C:\windows\System32\KERNELBASE.dll
0x00007ff955df0000 - 0x00007ff955eea000 	C:\windows\System32\ucrtbase.dll
0x00007ff950a90000 - 0x00007ff950aa8000 	C:\Program Files\AdoptOpenJDK\jdk-13.0.2.8-hotspot\bin\jli.dll
0x00007ff956b10000 - 0x00007ff956ca4000 	C:\windows\System32\USER32.dll
0x00007ff955ad0000 - 0x00007ff955af1000 	C:\windows\System32\win32u.dll
0x00007ff956450000 - 0x00007ff956476000 	C:\windows\System32\GDI32.dll
0x00007ff955c50000 - 0x00007ff955de5000 	C:\windows\System32\gdi32full.dll
0x00007ff954ed0000 - 0x00007ff954f6e000 	C:\windows\System32\msvcp_win.dll
0x00007ff951000000 - 0x00007ff951016000 	C:\Program Files\AdoptOpenJDK\jdk-13.0.2.8-hotspot\bin\VCRUNTIME140.dll
0x00007ff94a050000 - 0x00007ff94a2d4000 	C:\windows\WinSxS\amd64_microsoft.windows.common-controls_6595b64144ccf1df_6.0.18362.900_none_e6beb9d913147d17\COMCTL32.dll
0x00007ff955fd0000 - 0x00007ff95606e000 	C:\windows\System32\msvcrt.dll
0x00007ff956090000 - 0x00007ff9563c5000 	C:\windows\System32\combase.dll
0x00007ff956db0000 - 0x00007ff956ed0000 	C:\windows\System32\RPCRT4.dll
0x00007ff955a50000 - 0x00007ff955ad0000 	C:\windows\System32\bcryptPrimitives.dll
0x00007ff955fa0000 - 0x00007ff955fce000 	C:\windows\System32\IMM32.DLL
0x00007ff93e440000 - 0x00007ff93e4db000 	C:\Program Files\AdoptOpenJDK\jdk-13.0.2.8-hotspot\bin\msvcp140.dll
0x00007ff918200000 - 0x00007ff918deb000 	C:\Program Files\AdoptOpenJDK\jdk-13.0.2.8-hotspot\bin\server\jvm.dll
0x00007ff955ef0000 - 0x00007ff955f93000 	C:\windows\System32\ADVAPI32.dll
0x00007ff956480000 - 0x00007ff956517000 	C:\windows\System32\sechost.dll
0x00007ff9570a0000 - 0x00007ff9570a8000 	C:\windows\System32\PSAPI.DLL
0x00007ff932d60000 - 0x00007ff932d84000 	C:\windows\SYSTEM32\WINMM.dll
0x00007ff950b70000 - 0x00007ff950b79000 	C:\windows\SYSTEM32\WSOCK32.dll
0x00007ff950810000 - 0x00007ff95081a000 	C:\windows\SYSTEM32\VERSION.dll
0x00007ff956cc0000 - 0x00007ff956d2f000 	C:\windows\System32\WS2_32.dll
0x00007ff947d60000 - 0x00007ff947d8d000 	C:\windows\SYSTEM32\WINMMBASE.dll
0x00007ff955280000 - 0x00007ff9552ca000 	C:\windows\System32\cfgmgr32.dll
0x00007ff954d60000 - 0x00007ff954d71000 	C:\windows\System32\kernel.appcore.dll
0x00007ff950a80000 - 0x00007ff950a90000 	C:\Program Files\AdoptOpenJDK\jdk-13.0.2.8-hotspot\bin\verify.dll
0x00007ff950150000 - 0x00007ff950344000 	C:\windows\SYSTEM32\DBGHELP.DLL
0x00007ff94ff70000 - 0x00007ff94ff9a000 	C:\windows\SYSTEM32\dbgcore.DLL
0x00007ff94d7d0000 - 0x00007ff94d7f6000 	C:\Program Files\AdoptOpenJDK\jdk-13.0.2.8-hotspot\bin\java.dll
0x00007ff94da70000 - 0x00007ff94da87000 	C:\Program Files\AdoptOpenJDK\jdk-13.0.2.8-hotspot\bin\zip.dll
0x00007ff950a10000 - 0x00007ff950a1a000 	C:\Program Files\AdoptOpenJDK\jdk-13.0.2.8-hotspot\bin\jimage.dll

dbghelp: loaded successfully - version: 4.0.5 - missing functions: none
symbol engine: initialized successfully - sym options: 0x614 - pdb path: .;C:\Program Files\AdoptOpenJDK\jdk-13.0.2.8-hotspot\bin;C:\windows\SYSTEM32;C:\windows\WinSxS\amd64_microsoft.windows.common-controls_6595b64144ccf1df_6.0.18362.900_none_e6beb9d913147d17;C:\Program Files\AdoptOpenJDK\jdk-13.0.2.8-hotspot\bin\server

VM Arguments:
jvm_args: -Dfile.encoding=Cp1252 
java_command: Assignment1.ArmstrongNumber
java_class_path (initial): C:\Users\Axel\git\20Summer---1DV532\20Summer-1DV532\bin
Launcher Type: SUN_STANDARD

[Global flags]
     intx CICompilerCount                          = 4                                         {product} {ergonomic}
     uint ConcGCThreads                            = 2                                         {product} {ergonomic}
     uint G1ConcRefinementThreads                  = 8                                         {product} {ergonomic}
   size_t G1HeapRegionSize                         = 1048576                                   {product} {ergonomic}
    uintx GCDrainStackTargetSize                   = 64                                        {product} {ergonomic}
   size_t InitialHeapSize                          = 127926272                                 {product} {ergonomic}
   size_t MarkStackSize                            = 4194304                                   {product} {ergonomic}
   size_t MaxHeapSize                              = 2040528896                                {product} {ergonomic}
   size_t MinHeapDeltaBytes                        = 1048576                                   {product} {ergonomic}
   size_t MinHeapSize                              = 8388608                                   {product} {ergonomic}
    uintx NonNMethodCodeHeapSize                   = 5839372                                {pd product} {ergonomic}
    uintx NonProfiledCodeHeapSize                  = 122909434                              {pd product} {ergonomic}
    uintx ProfiledCodeHeapSize                     = 122909434                              {pd product} {ergonomic}
    uintx ReservedCodeCacheSize                    = 251658240                              {pd product} {ergonomic}
     bool SegmentedCodeCache                       = true                                      {product} {ergonomic}
   size_t SoftMaxHeapSize                          = 2040528896                             {manageable} {ergonomic}
     bool UseCompressedClassPointers               = true                                 {lp64_product} {ergonomic}
     bool UseCompressedOops                        = true                                 {lp64_product} {ergonomic}
     bool UseG1GC                                  = true                                      {product} {ergonomic}
     bool UseLargePagesIndividualAllocation        = false                                  {pd product} {ergonomic}

Logging:
Log output configuration:
 #0: stdout all=warning uptime,level,tags
 #1: stderr all=off uptime,level,tags

Environment Variables:
PATH=C:/Program Files/AdoptOpenJDK/jdk-13.0.2.8-hotspot/bin/client;C:/Program Files/AdoptOpenJDK/jdk-13.0.2.8-hotspot/bin;C:\Program Files\AdoptOpenJDK\jdk-13.0.2.8-hotspot\bin;C:\windows\system32;C:\windows;C:\windows\System32\Wbem;C:\windows\System32\WindowsPowerShell\v1.0\;C:\windows\System32\OpenSSH\;C:\Program Files\MATLAB\R2019bb\bin;C:\Users\Axel\AppData\Local\Microsoft\WindowsApps;;C:\Users\Axel\AppData\Local\Programs\Microsoft VS Code\bin;C:\Program Files\JetBrains\PyCharm 2019.3.2\bin;;C:\Program Files\JetBrains\PyCharm Community Edition 2019.3.2\bin;;C:\windows\system32;
USERNAME=Axel
OS=Windows_NT
PROCESSOR_IDENTIFIER=Intel64 Family 6 Model 126 Stepping 5, GenuineIntel



---------------  S Y S T E M  ---------------

OS: Windows 10 , 64 bit Build 18362 (10.0.18362.900)

CPU:total 8 (initial active 8) (4 cores per cpu, 2 threads per core) family 6 model 126 stepping 5, cmov, cx8, fxsr, mmx, sse, sse2, sse3, ssse3, sse4.1, sse4.2, popcnt, avx, avx2, aes, clmul, erms, 3dnowpref, lzcnt, ht, tsc, tscinvbit, bmi1, bmi2, adx, evex, sha, fma

Memory: 4k page, system-wide physical 7782M (2304M free)
TotalPageFile size 8774M (AvailPageFile size 71M)
current process WorkingSet (physical memory assigned to process): 10M, peak: 10M
current process commit charge ("private bytes"): 60M, peak: 182M

vm_info: OpenJDK 64-Bit Server VM (13.0.2+8) for windows-amd64 JRE (13.0.2+8), built on Jan 17 2020 10:38:43 by "" with MS VC++ 15.8 (VS2017)

END.
