#
# There is insufficient memory for the Java Runtime Environment to continue.
# Native memory allocation (malloc) failed to allocate 195408 bytes for Chunk::new
# Possible reasons:
#   The system is out of physical RAM or swap space
#   The process is running with CompressedOops enabled, and the Java Heap may be blocking the growth of the native heap
# Possible solutions:
#   Reduce memory load on the system
#   Increase physical memory or swap space
#   Check if swap backing store is full
#   Decrease Java heap size (-Xmx/-Xms)
#   Decrease number of Java threads
#   Decrease Java thread stack sizes (-Xss)
#   Set larger code cache with -XX:ReservedCodeCacheSize=
#   JVM is running with Unscaled Compressed Oops mode in which the Java heap is
#     placed in the first 4GB address space. The Java Heap base address is the
#     maximum limit for the native heap growth. Please use -XX:HeapBaseMinAddress
#     to set the Java Heap base and to place the Java Heap above 4GB virtual address.
# This output file may be truncated or incomplete.
#
#  Out of Memory Error (c:/cygwin64/tmp/openjdk-jdk13u-windows-x64-hotspot/workspace/build/src/src/hotspot/share/memory/arena.cpp:196), pid=14888, tid=12584
#
# JRE version: OpenJDK Runtime Environment (13.0.2+8) (build 13.0.2+8)
# Java VM: OpenJDK 64-Bit Server VM (13.0.2+8, mixed mode, sharing, tiered, compressed oops, g1 gc, windows-amd64)
# No core dump will be written. Minidumps are not enabled by default on client versions of Windows
#

---------------  S U M M A R Y ------------

Command Line: -Dfile.encoding=Cp1252 Assignment1.Numbers

Host: Intel(R) Core(TM) i5-1035G4 CPU @ 1.10GHz, 8 cores, 7G,  Windows 10 , 64 bit Build 18362 (10.0.18362.900)
Time: Wed Jun 17 23:06:18 2020 Västeuropa, sommartid elapsed time: 1 seconds (0d 0h 0m 1s)

---------------  T H R E A D  ---------------

Current thread (0x000001b01bf30800):  JavaThread "C2 CompilerThread1" daemon [_thread_in_native, id=12584, stack(0x000000875f500000,0x000000875f600000)]


Current CompileTask:
C2:   1879  230       4       java.util.regex.Matcher::match (154 bytes)

Stack: [0x000000875f500000,0x000000875f600000]
Native frames: (J=compiled Java code, j=interpreted, Vv=VM code, C=native code)
V  [jvm.dll+0x62b46a]
V  [jvm.dll+0x7d438a]
V  [jvm.dll+0x7d5b3f]
V  [jvm.dll+0x7d6143]
V  [jvm.dll+0x24d858]
V  [jvm.dll+0xc2f77]
V  [jvm.dll+0xc34fc]
V  [jvm.dll+0x35e655]
V  [jvm.dll+0x329c53]
V  [jvm.dll+0x32902a]
V  [jvm.dll+0x207547]
V  [jvm.dll+0x20675f]
V  [jvm.dll+0x18b0ac]
V  [jvm.dll+0x21578d]
V  [jvm.dll+0x2139db]
V  [jvm.dll+0x799e06]
V  [jvm.dll+0x792efa]
V  [jvm.dll+0x62a376]
C  [ucrtbase.dll+0x20e82]
C  [KERNEL32.DLL+0x17bd4]
C  [ntdll.dll+0x6ce51]


---------------  P R O C E S S  ---------------

Threads class SMR info:
_java_thread_list=0x000001b01bee5c00, length=12, elements={
0x000001b07c4cd000, 0x000001b07fdea000, 0x000001b07fdec800, 0x000001b07fe09000,
0x000001b07fe0c000, 0x000001b07fe0e000, 0x000001b07fe17800, 0x000001b07fe1c000,
0x000001b01bea0800, 0x000001b01beb9000, 0x000001b01bf30800, 0x000001b01bf9e800
}

Java Threads: ( => current thread )
  0x000001b07c4cd000 JavaThread "main" [_thread_in_native, id=10720, stack(0x000000875e400000,0x000000875e500000)]
  0x000001b07fdea000 JavaThread "Reference Handler" daemon [_thread_blocked, id=6908, stack(0x000000875eb00000,0x000000875ec00000)]
  0x000001b07fdec800 JavaThread "Finalizer" daemon [_thread_blocked, id=15424, stack(0x000000875ec00000,0x000000875ed00000)]
  0x000001b07fe09000 JavaThread "Signal Dispatcher" daemon [_thread_blocked, id=10732, stack(0x000000875ed00000,0x000000875ee00000)]
  0x000001b07fe0c000 JavaThread "Attach Listener" daemon [_thread_blocked, id=9304, stack(0x000000875ee00000,0x000000875ef00000)]
  0x000001b07fe0e000 JavaThread "C2 CompilerThread0" daemon [_thread_in_native, id=13600, stack(0x000000875ef00000,0x000000875f000000)]
  0x000001b07fe17800 JavaThread "C1 CompilerThread0" daemon [_thread_blocked, id=12492, stack(0x000000875f000000,0x000000875f100000)]
  0x000001b07fe1c000 JavaThread "Sweeper thread" daemon [_thread_blocked, id=5704, stack(0x000000875f100000,0x000000875f200000)]
  0x000001b01bea0800 JavaThread "Service Thread" daemon [_thread_blocked, id=6820, stack(0x000000875f200000,0x000000875f300000)]
  0x000001b01beb9000 JavaThread "Common-Cleaner" daemon [_thread_blocked, id=16828, stack(0x000000875f400000,0x000000875f500000)]
=>0x000001b01bf30800 JavaThread "C2 CompilerThread1" daemon [_thread_in_native, id=12584, stack(0x000000875f500000,0x000000875f600000)]
  0x000001b01bf9e800 JavaThread "C2 CompilerThread2" daemon [_thread_in_native, id=13816, stack(0x000000875f600000,0x000000875f700000)]

Other Threads:
  0x000001b07fde7000 VMThread "VM Thread" [stack: 0x000000875ea00000,0x000000875eb00000] [id=2948]
  0x000001b01beb6000 WatcherThread [stack: 0x000000875f300000,0x000000875f400000] [id=9872]
  0x000001b07c50d800 GCTaskThread "GC Thread#0" [stack: 0x000000875e500000,0x000000875e600000] [id=10384]
  0x000001b07c521000 ConcurrentGCThread "G1 Main Marker" [stack: 0x000000875e600000,0x000000875e700000] [id=8584]
  0x000001b07c524000 ConcurrentGCThread "G1 Conc#0" [stack: 0x000000875e700000,0x000000875e800000] [id=10756]
  0x000001b07fc54800 ConcurrentGCThread "G1 Refine#0" [stack: 0x000000875e800000,0x000000875e900000] [id=608]
  0x000001b07fc56800 ConcurrentGCThread "G1 Young RemSet Sampling" [stack: 0x000000875e900000,0x000000875ea00000] [id=8440]

Threads with active compile tasks:
C2 CompilerThread0     1906  291       4       java.util.regex.Matcher::usePattern (122 bytes)
C2 CompilerThread1     1906  230       4       java.util.regex.Matcher::match (154 bytes)
C2 CompilerThread2     1906  298       4       java.util.regex.Pattern$CharPropertyGreedy::match (122 bytes)

VM state:not at safepoint (normal execution)

VM Mutex/Monitor currently owned by a thread: None

Heap address: 0x0000000086600000, size: 1946 MB, Compressed Oops mode: 32-bit
Narrow klass base: 0x0000000800000000, Narrow klass shift: 3
Compressed class space size: 1073741824 Address: 0x0000000800b50000

Heap:
 garbage-first heap   total 124928K, used 4096K [0x0000000086600000, 0x0000000100000000)
  region size 1024K, 5 young (5120K), 0 survivors (0K)
 Metaspace       used 649K, capacity 4605K, committed 4864K, reserved 1056768K
  class space    used 50K, capacity 405K, committed 512K, reserved 1048576K
Heap Regions: E=young(eden), S=young(survivor), O=old, HS=humongous(starts), HC=humongous(continues), CS=collection set, F=free, A=archive, TAMS=top-at-mark-start (previous, next)
|   0|0x0000000086600000, 0x0000000086600000, 0x0000000086700000|  0%| F|  |TAMS 0x0000000086600000, 0x0000000086600000| Untracked 
|   1|0x0000000086700000, 0x0000000086700000, 0x0000000086800000|  0%| F|  |TAMS 0x0000000086700000, 0x0000000086700000| Untracked 
|   2|0x0000000086800000, 0x0000000086800000, 0x0000000086900000|  0%| F|  |TAMS 0x0000000086800000, 0x0000000086800000| Untracked 
|   3|0x0000000086900000, 0x0000000086900000, 0x0000000086a00000|  0%| F|  |TAMS 0x0000000086900000, 0x0000000086900000| Untracked 
|   4|0x0000000086a00000, 0x0000000086a00000, 0x0000000086b00000|  0%| F|  |TAMS 0x0000000086a00000, 0x0000000086a00000| Untracked 
|   5|0x0000000086b00000, 0x0000000086b00000, 0x0000000086c00000|  0%| F|  |TAMS 0x0000000086b00000, 0x0000000086b00000| Untracked 
|   6|0x0000000086c00000, 0x0000000086c00000, 0x0000000086d00000|  0%| F|  |TAMS 0x0000000086c00000, 0x0000000086c00000| Untracked 
|   7|0x0000000086d00000, 0x0000000086d00000, 0x0000000086e00000|  0%| F|  |TAMS 0x0000000086d00000, 0x0000000086d00000| Untracked 
|   8|0x0000000086e00000, 0x0000000086e00000, 0x0000000086f00000|  0%| F|  |TAMS 0x0000000086e00000, 0x0000000086e00000| Untracked 
|   9|0x0000000086f00000, 0x0000000086f00000, 0x0000000087000000|  0%| F|  |TAMS 0x0000000086f00000, 0x0000000086f00000| Untracked 
|  10|0x0000000087000000, 0x0000000087000000, 0x0000000087100000|  0%| F|  |TAMS 0x0000000087000000, 0x0000000087000000| Untracked 
|  11|0x0000000087100000, 0x0000000087100000, 0x0000000087200000|  0%| F|  |TAMS 0x0000000087100000, 0x0000000087100000| Untracked 
|  12|0x0000000087200000, 0x0000000087200000, 0x0000000087300000|  0%| F|  |TAMS 0x0000000087200000, 0x0000000087200000| Untracked 
|  13|0x0000000087300000, 0x0000000087300000, 0x0000000087400000|  0%| F|  |TAMS 0x0000000087300000, 0x0000000087300000| Untracked 
|  14|0x0000000087400000, 0x0000000087400000, 0x0000000087500000|  0%| F|  |TAMS 0x0000000087400000, 0x0000000087400000| Untracked 
|  15|0x0000000087500000, 0x0000000087500000, 0x0000000087600000|  0%| F|  |TAMS 0x0000000087500000, 0x0000000087500000| Untracked 
|  16|0x0000000087600000, 0x0000000087600000, 0x0000000087700000|  0%| F|  |TAMS 0x0000000087600000, 0x0000000087600000| Untracked 
|  17|0x0000000087700000, 0x0000000087700000, 0x0000000087800000|  0%| F|  |TAMS 0x0000000087700000, 0x0000000087700000| Untracked 
|  18|0x0000000087800000, 0x0000000087800000, 0x0000000087900000|  0%| F|  |TAMS 0x0000000087800000, 0x0000000087800000| Untracked 
|  19|0x0000000087900000, 0x0000000087900000, 0x0000000087a00000|  0%| F|  |TAMS 0x0000000087900000, 0x0000000087900000| Untracked 
|  20|0x0000000087a00000, 0x0000000087a00000, 0x0000000087b00000|  0%| F|  |TAMS 0x0000000087a00000, 0x0000000087a00000| Untracked 
|  21|0x0000000087b00000, 0x0000000087b00000, 0x0000000087c00000|  0%| F|  |TAMS 0x0000000087b00000, 0x0000000087b00000| Untracked 
|  22|0x0000000087c00000, 0x0000000087c00000, 0x0000000087d00000|  0%| F|  |TAMS 0x0000000087c00000, 0x0000000087c00000| Untracked 
|  23|0x0000000087d00000, 0x0000000087d00000, 0x0000000087e00000|  0%| F|  |TAMS 0x0000000087d00000, 0x0000000087d00000| Untracked 
|  24|0x0000000087e00000, 0x0000000087e00000, 0x0000000087f00000|  0%| F|  |TAMS 0x0000000087e00000, 0x0000000087e00000| Untracked 
|  25|0x0000000087f00000, 0x0000000087f00000, 0x0000000088000000|  0%| F|  |TAMS 0x0000000087f00000, 0x0000000087f00000| Untracked 
|  26|0x0000000088000000, 0x0000000088000000, 0x0000000088100000|  0%| F|  |TAMS 0x0000000088000000, 0x0000000088000000| Untracked 
|  27|0x0000000088100000, 0x0000000088100000, 0x0000000088200000|  0%| F|  |TAMS 0x0000000088100000, 0x0000000088100000| Untracked 
|  28|0x0000000088200000, 0x0000000088200000, 0x0000000088300000|  0%| F|  |TAMS 0x0000000088200000, 0x0000000088200000| Untracked 
|  29|0x0000000088300000, 0x0000000088300000, 0x0000000088400000|  0%| F|  |TAMS 0x0000000088300000, 0x0000000088300000| Untracked 
|  30|0x0000000088400000, 0x0000000088400000, 0x0000000088500000|  0%| F|  |TAMS 0x0000000088400000, 0x0000000088400000| Untracked 
|  31|0x0000000088500000, 0x0000000088500000, 0x0000000088600000|  0%| F|  |TAMS 0x0000000088500000, 0x0000000088500000| Untracked 
|  32|0x0000000088600000, 0x0000000088600000, 0x0000000088700000|  0%| F|  |TAMS 0x0000000088600000, 0x0000000088600000| Untracked 
|  33|0x0000000088700000, 0x0000000088700000, 0x0000000088800000|  0%| F|  |TAMS 0x0000000088700000, 0x0000000088700000| Untracked 
|  34|0x0000000088800000, 0x0000000088800000, 0x0000000088900000|  0%| F|  |TAMS 0x0000000088800000, 0x0000000088800000| Untracked 
|  35|0x0000000088900000, 0x0000000088900000, 0x0000000088a00000|  0%| F|  |TAMS 0x0000000088900000, 0x0000000088900000| Untracked 
|  36|0x0000000088a00000, 0x0000000088a00000, 0x0000000088b00000|  0%| F|  |TAMS 0x0000000088a00000, 0x0000000088a00000| Untracked 
|  37|0x0000000088b00000, 0x0000000088b00000, 0x0000000088c00000|  0%| F|  |TAMS 0x0000000088b00000, 0x0000000088b00000| Untracked 
|  38|0x0000000088c00000, 0x0000000088c00000, 0x0000000088d00000|  0%| F|  |TAMS 0x0000000088c00000, 0x0000000088c00000| Untracked 
|  39|0x0000000088d00000, 0x0000000088d00000, 0x0000000088e00000|  0%| F|  |TAMS 0x0000000088d00000, 0x0000000088d00000| Untracked 
|  40|0x0000000088e00000, 0x0000000088e00000, 0x0000000088f00000|  0%| F|  |TAMS 0x0000000088e00000, 0x0000000088e00000| Untracked 
|  41|0x0000000088f00000, 0x0000000088f00000, 0x0000000089000000|  0%| F|  |TAMS 0x0000000088f00000, 0x0000000088f00000| Untracked 
|  42|0x0000000089000000, 0x0000000089000000, 0x0000000089100000|  0%| F|  |TAMS 0x0000000089000000, 0x0000000089000000| Untracked 
|  43|0x0000000089100000, 0x0000000089100000, 0x0000000089200000|  0%| F|  |TAMS 0x0000000089100000, 0x0000000089100000| Untracked 
|  44|0x0000000089200000, 0x0000000089200000, 0x0000000089300000|  0%| F|  |TAMS 0x0000000089200000, 0x0000000089200000| Untracked 
|  45|0x0000000089300000, 0x0000000089300000, 0x0000000089400000|  0%| F|  |TAMS 0x0000000089300000, 0x0000000089300000| Untracked 
|  46|0x0000000089400000, 0x0000000089400000, 0x0000000089500000|  0%| F|  |TAMS 0x0000000089400000, 0x0000000089400000| Untracked 
|  47|0x0000000089500000, 0x0000000089500000, 0x0000000089600000|  0%| F|  |TAMS 0x0000000089500000, 0x0000000089500000| Untracked 
|  48|0x0000000089600000, 0x0000000089600000, 0x0000000089700000|  0%| F|  |TAMS 0x0000000089600000, 0x0000000089600000| Untracked 
|  49|0x0000000089700000, 0x0000000089700000, 0x0000000089800000|  0%| F|  |TAMS 0x0000000089700000, 0x0000000089700000| Untracked 
|  50|0x0000000089800000, 0x0000000089800000, 0x0000000089900000|  0%| F|  |TAMS 0x0000000089800000, 0x0000000089800000| Untracked 
|  51|0x0000000089900000, 0x0000000089900000, 0x0000000089a00000|  0%| F|  |TAMS 0x0000000089900000, 0x0000000089900000| Untracked 
|  52|0x0000000089a00000, 0x0000000089a00000, 0x0000000089b00000|  0%| F|  |TAMS 0x0000000089a00000, 0x0000000089a00000| Untracked 
|  53|0x0000000089b00000, 0x0000000089b00000, 0x0000000089c00000|  0%| F|  |TAMS 0x0000000089b00000, 0x0000000089b00000| Untracked 
|  54|0x0000000089c00000, 0x0000000089c00000, 0x0000000089d00000|  0%| F|  |TAMS 0x0000000089c00000, 0x0000000089c00000| Untracked 
|  55|0x0000000089d00000, 0x0000000089d00000, 0x0000000089e00000|  0%| F|  |TAMS 0x0000000089d00000, 0x0000000089d00000| Untracked 
|  56|0x0000000089e00000, 0x0000000089e00000, 0x0000000089f00000|  0%| F|  |TAMS 0x0000000089e00000, 0x0000000089e00000| Untracked 
|  57|0x0000000089f00000, 0x0000000089f00000, 0x000000008a000000|  0%| F|  |TAMS 0x0000000089f00000, 0x0000000089f00000| Untracked 
|  58|0x000000008a000000, 0x000000008a000000, 0x000000008a100000|  0%| F|  |TAMS 0x000000008a000000, 0x000000008a000000| Untracked 
|  59|0x000000008a100000, 0x000000008a100000, 0x000000008a200000|  0%| F|  |TAMS 0x000000008a100000, 0x000000008a100000| Untracked 
|  60|0x000000008a200000, 0x000000008a200000, 0x000000008a300000|  0%| F|  |TAMS 0x000000008a200000, 0x000000008a200000| Untracked 
|  61|0x000000008a300000, 0x000000008a300000, 0x000000008a400000|  0%| F|  |TAMS 0x000000008a300000, 0x000000008a300000| Untracked 
|  62|0x000000008a400000, 0x000000008a400000, 0x000000008a500000|  0%| F|  |TAMS 0x000000008a400000, 0x000000008a400000| Untracked 
|  63|0x000000008a500000, 0x000000008a500000, 0x000000008a600000|  0%| F|  |TAMS 0x000000008a500000, 0x000000008a500000| Untracked 
|  64|0x000000008a600000, 0x000000008a600000, 0x000000008a700000|  0%| F|  |TAMS 0x000000008a600000, 0x000000008a600000| Untracked 
|  65|0x000000008a700000, 0x000000008a700000, 0x000000008a800000|  0%| F|  |TAMS 0x000000008a700000, 0x000000008a700000| Untracked 
|  66|0x000000008a800000, 0x000000008a800000, 0x000000008a900000|  0%| F|  |TAMS 0x000000008a800000, 0x000000008a800000| Untracked 
|  67|0x000000008a900000, 0x000000008a900000, 0x000000008aa00000|  0%| F|  |TAMS 0x000000008a900000, 0x000000008a900000| Untracked 
|  68|0x000000008aa00000, 0x000000008aa00000, 0x000000008ab00000|  0%| F|  |TAMS 0x000000008aa00000, 0x000000008aa00000| Untracked 
|  69|0x000000008ab00000, 0x000000008ab00000, 0x000000008ac00000|  0%| F|  |TAMS 0x000000008ab00000, 0x000000008ab00000| Untracked 
|  70|0x000000008ac00000, 0x000000008ac00000, 0x000000008ad00000|  0%| F|  |TAMS 0x000000008ac00000, 0x000000008ac00000| Untracked 
|  71|0x000000008ad00000, 0x000000008ad00000, 0x000000008ae00000|  0%| F|  |TAMS 0x000000008ad00000, 0x000000008ad00000| Untracked 
|  72|0x000000008ae00000, 0x000000008ae00000, 0x000000008af00000|  0%| F|  |TAMS 0x000000008ae00000, 0x000000008ae00000| Untracked 
|  73|0x000000008af00000, 0x000000008af00000, 0x000000008b000000|  0%| F|  |TAMS 0x000000008af00000, 0x000000008af00000| Untracked 
|  74|0x000000008b000000, 0x000000008b000000, 0x000000008b100000|  0%| F|  |TAMS 0x000000008b000000, 0x000000008b000000| Untracked 
|  75|0x000000008b100000, 0x000000008b100000, 0x000000008b200000|  0%| F|  |TAMS 0x000000008b100000, 0x000000008b100000| Untracked 
|  76|0x000000008b200000, 0x000000008b200000, 0x000000008b300000|  0%| F|  |TAMS 0x000000008b200000, 0x000000008b200000| Untracked 
|  77|0x000000008b300000, 0x000000008b300000, 0x000000008b400000|  0%| F|  |TAMS 0x000000008b300000, 0x000000008b300000| Untracked 
|  78|0x000000008b400000, 0x000000008b400000, 0x000000008b500000|  0%| F|  |TAMS 0x000000008b400000, 0x000000008b400000| Untracked 
|  79|0x000000008b500000, 0x000000008b500000, 0x000000008b600000|  0%| F|  |TAMS 0x000000008b500000, 0x000000008b500000| Untracked 
|  80|0x000000008b600000, 0x000000008b600000, 0x000000008b700000|  0%| F|  |TAMS 0x000000008b600000, 0x000000008b600000| Untracked 
|  81|0x000000008b700000, 0x000000008b700000, 0x000000008b800000|  0%| F|  |TAMS 0x000000008b700000, 0x000000008b700000| Untracked 
|  82|0x000000008b800000, 0x000000008b800000, 0x000000008b900000|  0%| F|  |TAMS 0x000000008b800000, 0x000000008b800000| Untracked 
|  83|0x000000008b900000, 0x000000008b900000, 0x000000008ba00000|  0%| F|  |TAMS 0x000000008b900000, 0x000000008b900000| Untracked 
|  84|0x000000008ba00000, 0x000000008ba00000, 0x000000008bb00000|  0%| F|  |TAMS 0x000000008ba00000, 0x000000008ba00000| Untracked 
|  85|0x000000008bb00000, 0x000000008bb00000, 0x000000008bc00000|  0%| F|  |TAMS 0x000000008bb00000, 0x000000008bb00000| Untracked 
|  86|0x000000008bc00000, 0x000000008bc00000, 0x000000008bd00000|  0%| F|  |TAMS 0x000000008bc00000, 0x000000008bc00000| Untracked 
|  87|0x000000008bd00000, 0x000000008bd00000, 0x000000008be00000|  0%| F|  |TAMS 0x000000008bd00000, 0x000000008bd00000| Untracked 
|  88|0x000000008be00000, 0x000000008be00000, 0x000000008bf00000|  0%| F|  |TAMS 0x000000008be00000, 0x000000008be00000| Untracked 
|  89|0x000000008bf00000, 0x000000008bf00000, 0x000000008c000000|  0%| F|  |TAMS 0x000000008bf00000, 0x000000008bf00000| Untracked 
|  90|0x000000008c000000, 0x000000008c000000, 0x000000008c100000|  0%| F|  |TAMS 0x000000008c000000, 0x000000008c000000| Untracked 
|  91|0x000000008c100000, 0x000000008c100000, 0x000000008c200000|  0%| F|  |TAMS 0x000000008c100000, 0x000000008c100000| Untracked 
|  92|0x000000008c200000, 0x000000008c200000, 0x000000008c300000|  0%| F|  |TAMS 0x000000008c200000, 0x000000008c200000| Untracked 
|  93|0x000000008c300000, 0x000000008c300000, 0x000000008c400000|  0%| F|  |TAMS 0x000000008c300000, 0x000000008c300000| Untracked 
|  94|0x000000008c400000, 0x000000008c400000, 0x000000008c500000|  0%| F|  |TAMS 0x000000008c400000, 0x000000008c400000| Untracked 
|  95|0x000000008c500000, 0x000000008c500000, 0x000000008c600000|  0%| F|  |TAMS 0x000000008c500000, 0x000000008c500000| Untracked 
|  96|0x000000008c600000, 0x000000008c600000, 0x000000008c700000|  0%| F|  |TAMS 0x000000008c600000, 0x000000008c600000| Untracked 
|  97|0x000000008c700000, 0x000000008c700000, 0x000000008c800000|  0%| F|  |TAMS 0x000000008c700000, 0x000000008c700000| Untracked 
|  98|0x000000008c800000, 0x000000008c800000, 0x000000008c900000|  0%| F|  |TAMS 0x000000008c800000, 0x000000008c800000| Untracked 
|  99|0x000000008c900000, 0x000000008c900000, 0x000000008ca00000|  0%| F|  |TAMS 0x000000008c900000, 0x000000008c900000| Untracked 
| 100|0x000000008ca00000, 0x000000008ca00000, 0x000000008cb00000|  0%| F|  |TAMS 0x000000008ca00000, 0x000000008ca00000| Untracked 
| 101|0x000000008cb00000, 0x000000008cb00000, 0x000000008cc00000|  0%| F|  |TAMS 0x000000008cb00000, 0x000000008cb00000| Untracked 
| 102|0x000000008cc00000, 0x000000008cc00000, 0x000000008cd00000|  0%| F|  |TAMS 0x000000008cc00000, 0x000000008cc00000| Untracked 
| 103|0x000000008cd00000, 0x000000008cd00000, 0x000000008ce00000|  0%| F|  |TAMS 0x000000008cd00000, 0x000000008cd00000| Untracked 
| 104|0x000000008ce00000, 0x000000008ce00000, 0x000000008cf00000|  0%| F|  |TAMS 0x000000008ce00000, 0x000000008ce00000| Untracked 
| 105|0x000000008cf00000, 0x000000008cf00000, 0x000000008d000000|  0%| F|  |TAMS 0x000000008cf00000, 0x000000008cf00000| Untracked 
| 106|0x000000008d000000, 0x000000008d000000, 0x000000008d100000|  0%| F|  |TAMS 0x000000008d000000, 0x000000008d000000| Untracked 
| 107|0x000000008d100000, 0x000000008d100000, 0x000000008d200000|  0%| F|  |TAMS 0x000000008d100000, 0x000000008d100000| Untracked 
| 108|0x000000008d200000, 0x000000008d200000, 0x000000008d300000|  0%| F|  |TAMS 0x000000008d200000, 0x000000008d200000| Untracked 
| 109|0x000000008d300000, 0x000000008d300000, 0x000000008d400000|  0%| F|  |TAMS 0x000000008d300000, 0x000000008d300000| Untracked 
| 110|0x000000008d400000, 0x000000008d400000, 0x000000008d500000|  0%| F|  |TAMS 0x000000008d400000, 0x000000008d400000| Untracked 
| 111|0x000000008d500000, 0x000000008d500000, 0x000000008d600000|  0%| F|  |TAMS 0x000000008d500000, 0x000000008d500000| Untracked 
| 112|0x000000008d600000, 0x000000008d600000, 0x000000008d700000|  0%| F|  |TAMS 0x000000008d600000, 0x000000008d600000| Untracked 
| 113|0x000000008d700000, 0x000000008d700000, 0x000000008d800000|  0%| F|  |TAMS 0x000000008d700000, 0x000000008d700000| Untracked 
| 114|0x000000008d800000, 0x000000008d800000, 0x000000008d900000|  0%| F|  |TAMS 0x000000008d800000, 0x000000008d800000| Untracked 
| 115|0x000000008d900000, 0x000000008d900000, 0x000000008da00000|  0%| F|  |TAMS 0x000000008d900000, 0x000000008d900000| Untracked 
| 116|0x000000008da00000, 0x000000008da00000, 0x000000008db00000|  0%| F|  |TAMS 0x000000008da00000, 0x000000008da00000| Untracked 
| 117|0x000000008db00000, 0x000000008dbf6580, 0x000000008dc00000| 96%| E|  |TAMS 0x000000008db00000, 0x000000008db00000| Complete 
| 118|0x000000008dc00000, 0x000000008dd00000, 0x000000008dd00000|100%| E|CS|TAMS 0x000000008dc00000, 0x000000008dc00000| Complete 
| 119|0x000000008dd00000, 0x000000008de00000, 0x000000008de00000|100%| E|CS|TAMS 0x000000008dd00000, 0x000000008dd00000| Complete 
| 120|0x000000008de00000, 0x000000008df00000, 0x000000008df00000|100%| E|CS|TAMS 0x000000008de00000, 0x000000008de00000| Complete 
| 121|0x000000008df00000, 0x000000008e000000, 0x000000008e000000|100%| E|CS|TAMS 0x000000008df00000, 0x000000008df00000| Complete 

Card table byte_map: [0x000001b07cdb0000,0x000001b07d180000] _byte_map_base: 0x000001b07c97d000

Marking Bits (Prev, Next): (CMBitMap*) 0x000001b07c50e678, (CMBitMap*) 0x000001b07c50e6b8
 Prev Bits: [0x000001b07d550000, 0x000001b07f3b8000)
 Next Bits: [0x000001b017700000, 0x000001b019568000)

Polling page: 0x000001b07a260000

Metaspace:

Usage:
  Non-class:      4.10 MB capacity,   598.41 KB ( 14%) used,     3.52 MB ( 86%) free+waste,     2.06 KB ( <1%) overhead. 
      Class:    405.00 KB capacity,    50.66 KB ( 13%) used,   353.09 KB ( 87%) free+waste,     1.25 KB ( <1%) overhead. 
       Both:      4.50 MB capacity,   649.07 KB ( 14%) used,     3.86 MB ( 86%) free+waste,     3.31 KB ( <1%) overhead. 

Virtual space:
  Non-class space:        8.00 MB reserved,       4.25 MB ( 53%) committed 
      Class space:        1.00 GB reserved,     512.00 KB ( <1%) committed 
             Both:        1.01 GB reserved,       4.75 MB ( <1%) committed 

Chunk freelists:
   Non-Class:  24.00 KB
       Class:  0 bytes
        Both:  24.00 KB

MaxMetaspaceSize: 17179869184.00 GB
CompressedClassSpaceSize: 1.00 GB

CodeHeap 'non-profiled nmethods': size=120000Kb used=81Kb max_used=81Kb free=119918Kb
 bounds [0x000001b0101d0000, 0x000001b010440000, 0x000001b017700000]
CodeHeap 'profiled nmethods': size=120000Kb used=437Kb max_used=437Kb free=119562Kb
 bounds [0x000001b008ca0000, 0x000001b008f10000, 0x000001b0101d0000]
CodeHeap 'non-nmethods': size=5760Kb used=1113Kb max_used=1128Kb free=4646Kb
 bounds [0x000001b008700000, 0x000001b008970000, 0x000001b008ca0000]
 total_blobs=966 nmethods=292 adapters=243
 compilation: enabled
              stopped_count=0, restarted_count=0
 full_count=0

Compilation events (20 events):
Event: 1.874 Thread 0x000001b07fe0e000  236       4       java.nio.CharBuffer::charAt (16 bytes)
Event: 1.874 Thread 0x000001b07fe17800 nmethod 273 0x000001b008d07d10 code [0x000001b008d07f60, 0x000001b008d08920]
Event: 1.874 Thread 0x000001b07fe17800  274       3       java.util.Scanner::integerPattern (27 bytes)
Event: 1.874 Thread 0x000001b07fe17800 nmethod 274 0x000001b008d08c10 code [0x000001b008d08de0, 0x000001b008d090a0]
Event: 1.874 Thread 0x000001b07fe17800  276       3       java.util.Scanner::ensureOpen (19 bytes)
Event: 1.874 Thread 0x000001b07fe17800 nmethod 276 0x000001b008d09190 code [0x000001b008d09340, 0x000001b008d09590]
Event: 1.874 Thread 0x000001b07fe17800  282       3       java.util.regex.Pattern::lambda$Single$7 (11 bytes)
Event: 1.874 Thread 0x000001b07fe17800 nmethod 282 0x000001b008d09690 code [0x000001b008d09840, 0x000001b008d099d8]
Event: 1.874 Thread 0x000001b07fe17800  283   !   3       java.io.PrintStream::println (44 bytes)
Event: 1.875 Thread 0x000001b07fe17800 nmethod 283 0x000001b008d09a90 code [0x000001b008d09ca0, 0x000001b008d0a3d0]
Event: 1.875 Thread 0x000001b07fe17800  284   !   3       java.io.PrintStream::writeln (81 bytes)
Event: 1.875 Thread 0x000001b07fe0e000 nmethod 236 0x000001b0101dfc90 code [0x000001b0101dfe20, 0x000001b0101dff38]
Event: 1.875 Thread 0x000001b07fe0e000  291       4       java.util.regex.Matcher::usePattern (122 bytes)
Event: 1.875 Thread 0x000001b07fe17800 nmethod 284 0x000001b008d0a690 code [0x000001b008d0a940, 0x000001b008d0b6b0]
Event: 1.875 Thread 0x000001b07fe17800  280       3       java.util.regex.Pattern$LastNode::match (45 bytes)
Event: 1.875 Thread 0x000001b07fe17800 nmethod 280 0x000001b008d0bd90 code [0x000001b008d0bf40, 0x000001b008d0c1b8]
Event: 1.875 Thread 0x000001b07fe17800  285       3       java.io.BufferedWriter::newLine (8 bytes)
Event: 1.876 Thread 0x000001b07fe17800 nmethod 285 0x000001b008d0c310 code [0x000001b008d0c4e0, 0x000001b008d0c910]
Event: 1.876 Thread 0x000001b07fe17800  287       3       java.lang.System::lineSeparator (4 bytes)
Event: 1.876 Thread 0x000001b07fe17800 nmethod 287 0x000001b008d0ca90 code [0x000001b008d0cc20, 0x000001b008d0cd78]

GC Heap History (0 events):
No events

Deoptimization events (20 events):
Event: 0.046 Thread 0x000001b07c4cd000 DEOPT PACKING pc=0x000001b0101d4aa0 sp=0x000000875e4fd360
Event: 0.046 Thread 0x000001b07c4cd000 DEOPT UNPACKING pc=0x000001b00870852f sp=0x000000875e4fd2f8 mode 2
Event: 1.874 Thread 0x000001b07c4cd000 DEOPT PACKING pc=0x000001b008cdee61 sp=0x000000875e4fef60
Event: 1.874 Thread 0x000001b07c4cd000 DEOPT UNPACKING pc=0x000001b00874845e sp=0x000000875e4fe408 mode 0
Event: 1.874 Thread 0x000001b07c4cd000 DEOPT PACKING pc=0x000001b008cdee61 sp=0x000000875e4fef60
Event: 1.874 Thread 0x000001b07c4cd000 DEOPT UNPACKING pc=0x000001b00874845e sp=0x000000875e4fe408 mode 0
Event: 1.875 Thread 0x000001b07c4cd000 DEOPT PACKING pc=0x000001b008cdee61 sp=0x000000875e4fef60
Event: 1.875 Thread 0x000001b07c4cd000 DEOPT UNPACKING pc=0x000001b00874845e sp=0x000000875e4fe408 mode 0
Event: 1.875 Thread 0x000001b07c4cd000 DEOPT PACKING pc=0x000001b008cdee61 sp=0x000000875e4fef60
Event: 1.875 Thread 0x000001b07c4cd000 DEOPT UNPACKING pc=0x000001b00874845e sp=0x000000875e4fe408 mode 0
Event: 1.876 Thread 0x000001b07c4cd000 DEOPT PACKING pc=0x000001b008cdee61 sp=0x000000875e4fef60
Event: 1.876 Thread 0x000001b07c4cd000 DEOPT UNPACKING pc=0x000001b00874845e sp=0x000000875e4fe408 mode 0
Event: 1.876 Thread 0x000001b07c4cd000 DEOPT PACKING pc=0x000001b008cdee61 sp=0x000000875e4fef60
Event: 1.876 Thread 0x000001b07c4cd000 DEOPT UNPACKING pc=0x000001b00874845e sp=0x000000875e4fe408 mode 0
Event: 1.877 Thread 0x000001b07c4cd000 DEOPT PACKING pc=0x000001b008cdee61 sp=0x000000875e4fef60
Event: 1.877 Thread 0x000001b07c4cd000 DEOPT UNPACKING pc=0x000001b00874845e sp=0x000000875e4fe408 mode 0
Event: 1.877 Thread 0x000001b07c4cd000 DEOPT PACKING pc=0x000001b008cdee61 sp=0x000000875e4fef60
Event: 1.877 Thread 0x000001b07c4cd000 DEOPT UNPACKING pc=0x000001b00874845e sp=0x000000875e4fe408 mode 0
Event: 1.877 Thread 0x000001b07c4cd000 DEOPT PACKING pc=0x000001b008cdee61 sp=0x000000875e4fef60
Event: 1.877 Thread 0x000001b07c4cd000 DEOPT UNPACKING pc=0x000001b00874845e sp=0x000000875e4fe408 mode 0

Classes unloaded (0 events):
No events

Classes redefined (0 events):
No events

Internal exceptions (1 events):
Event: 0.058 Thread 0x000001b07c4cd000 Exception <a 'java/lang/NoSuchMethodError'{0x000000008de3bce8}: 'int java.lang.invoke.DirectMethodHandle$Holder.invokeSpecialIFC(java.lang.Object, java.lang.Object, int)'> (0x000000008de3bce8) 
thrown [c:/cygwin64/tmp/openjdk-jdk13u-windows-x64-hotspot/workspace/build/src/src/hotspot/share/interpreter/linkResolver.cpp, line 767]

Events (20 events):
Event: 0.068 loading class sun/util/resources/LocaleData$LocaleDataResourceBundleProvider done
Event: 0.068 loading class sun/util/resources/LocaleData$CommonResourceBundleProvider done
Event: 0.069 loading class sun/util/resources/Bundles$2
Event: 0.069 loading class sun/util/resources/Bundles$2 done
Event: 0.070 loading class java/lang/InstantiationException
Event: 0.070 loading class java/lang/InstantiationException done
Event: 0.070 loading class java/lang/IllegalAccessException
Event: 0.070 loading class java/lang/IllegalAccessException done
Event: 0.070 loading class java/lang/InternalError
Event: 0.070 loading class java/lang/InternalError done
Event: 0.078 loading class java/util/regex/Pattern$Curly
Event: 0.078 loading class java/util/regex/Pattern$Curly done
Event: 0.079 loading class java/util/regex/Pattern$Loop
Event: 0.079 loading class java/util/regex/Pattern$Loop done
Event: 0.079 loading class java/util/regex/Pattern$Prolog
Event: 0.079 loading class java/util/regex/Pattern$Prolog done
Event: 1.851 loading class java/util/regex/Pattern$1
Event: 1.851 loading class java/util/regex/Pattern$1 done
Event: 1.865 Thread 0x000001b01bf30800 Thread added: 0x000001b01bf30800
Event: 1.868 Thread 0x000001b01bf9e800 Thread added: 0x000001b01bf9e800


Dynamic libraries:
0x00007ff649060000 - 0x00007ff64906d000 	C:\Program Files\AdoptOpenJDK\jdk-13.0.2.8-hotspot\bin\javaw.exe
0x00007ff957e40000 - 0x00007ff958030000 	C:\windows\SYSTEM32\ntdll.dll
0x00007ff957d40000 - 0x00007ff957df2000 	C:\windows\System32\KERNEL32.DLL
0x00007ff954fd0000 - 0x00007ff955274000 	C:\windows\System32\KERNELBASE.dll
0x00007ff955df0000 - 0x00007ff955eea000 	C:\windows\System32\ucrtbase.dll
0x00007ff94a660000 - 0x00007ff94a678000 	C:\Program Files\AdoptOpenJDK\jdk-13.0.2.8-hotspot\bin\jli.dll
0x00007ff94a890000 - 0x00007ff94a8a6000 	C:\Program Files\AdoptOpenJDK\jdk-13.0.2.8-hotspot\bin\VCRUNTIME140.dll
0x00007ff956b10000 - 0x00007ff956ca4000 	C:\windows\System32\USER32.dll
0x00007ff955ad0000 - 0x00007ff955af1000 	C:\windows\System32\win32u.dll
0x00007ff94a050000 - 0x00007ff94a2d4000 	C:\windows\WinSxS\amd64_microsoft.windows.common-controls_6595b64144ccf1df_6.0.18362.900_none_e6beb9d913147d17\COMCTL32.dll
0x00007ff956450000 - 0x00007ff956476000 	C:\windows\System32\GDI32.dll
0x00007ff955fd0000 - 0x00007ff95606e000 	C:\windows\System32\msvcrt.dll
0x00007ff955c50000 - 0x00007ff955de5000 	C:\windows\System32\gdi32full.dll
0x00007ff954ed0000 - 0x00007ff954f6e000 	C:\windows\System32\msvcp_win.dll
0x00007ff956090000 - 0x00007ff9563c5000 	C:\windows\System32\combase.dll
0x00007ff956db0000 - 0x00007ff956ed0000 	C:\windows\System32\RPCRT4.dll
0x00007ff955a50000 - 0x00007ff955ad0000 	C:\windows\System32\bcryptPrimitives.dll
0x00007ff955fa0000 - 0x00007ff955fce000 	C:\windows\System32\IMM32.DLL
0x00007ff9208f0000 - 0x00007ff92098b000 	C:\Program Files\AdoptOpenJDK\jdk-13.0.2.8-hotspot\bin\msvcp140.dll
0x00007ff90aaa0000 - 0x00007ff90b68b000 	C:\Program Files\AdoptOpenJDK\jdk-13.0.2.8-hotspot\bin\server\jvm.dll
0x00007ff955ef0000 - 0x00007ff955f93000 	C:\windows\System32\ADVAPI32.dll
0x00007ff956480000 - 0x00007ff956517000 	C:\windows\System32\sechost.dll
0x00007ff9570a0000 - 0x00007ff9570a8000 	C:\windows\System32\PSAPI.DLL
0x00007ff950a10000 - 0x00007ff950a19000 	C:\windows\SYSTEM32\WSOCK32.dll
0x00007ff950810000 - 0x00007ff95081a000 	C:\windows\SYSTEM32\VERSION.dll
0x00007ff932d60000 - 0x00007ff932d84000 	C:\windows\SYSTEM32\WINMM.dll
0x00007ff956cc0000 - 0x00007ff956d2f000 	C:\windows\System32\WS2_32.dll
0x00007ff947d60000 - 0x00007ff947d8d000 	C:\windows\SYSTEM32\WINMMBASE.dll
0x00007ff955280000 - 0x00007ff9552ca000 	C:\windows\System32\cfgmgr32.dll
0x00007ff954d60000 - 0x00007ff954d71000 	C:\windows\System32\kernel.appcore.dll
0x00007ff94ddf0000 - 0x00007ff94de00000 	C:\Program Files\AdoptOpenJDK\jdk-13.0.2.8-hotspot\bin\verify.dll
0x00007ff950150000 - 0x00007ff950344000 	C:\windows\SYSTEM32\DBGHELP.DLL
0x00007ff94ff70000 - 0x00007ff94ff9a000 	C:\windows\SYSTEM32\dbgcore.DLL
0x00007ff94d930000 - 0x00007ff94d956000 	C:\Program Files\AdoptOpenJDK\jdk-13.0.2.8-hotspot\bin\java.dll
0x00007ff94d800000 - 0x00007ff94d817000 	C:\Program Files\AdoptOpenJDK\jdk-13.0.2.8-hotspot\bin\zip.dll
0x00007ff94d7d0000 - 0x00007ff94d7da000 	C:\Program Files\AdoptOpenJDK\jdk-13.0.2.8-hotspot\bin\jimage.dll
0x00007ff9572a0000 - 0x00007ff957986000 	C:\windows\System32\SHELL32.dll
0x00007ff956990000 - 0x00007ff956a39000 	C:\windows\System32\shcore.dll
0x00007ff9552d0000 - 0x00007ff955a50000 	C:\windows\System32\windows.storage.dll
0x00007ff954d30000 - 0x00007ff954d53000 	C:\windows\System32\profapi.dll
0x00007ff954d80000 - 0x00007ff954dca000 	C:\windows\System32\powrprof.dll
0x00007ff954d00000 - 0x00007ff954d10000 	C:\windows\System32\UMPDC.dll
0x00007ff956ee0000 - 0x00007ff956f32000 	C:\windows\System32\shlwapi.dll
0x00007ff954dd0000 - 0x00007ff954de7000 	C:\windows\System32\cryptsp.dll

dbghelp: loaded successfully - version: 4.0.5 - missing functions: none
symbol engine: initialized successfully - sym options: 0x614 - pdb path: .;C:\Program Files\AdoptOpenJDK\jdk-13.0.2.8-hotspot\bin;C:\windows\SYSTEM32;C:\windows\WinSxS\amd64_microsoft.windows.common-controls_6595b64144ccf1df_6.0.18362.900_none_e6beb9d913147d17;C:\Program Files\AdoptOpenJDK\jdk-13.0.2.8-hotspot\bin\server

VM Arguments:
jvm_args: -Dfile.encoding=Cp1252 
java_command: Assignment1.Numbers
java_class_path (initial): C:\Users\Axel\git\20Summer---1DV532\20Summer-1DV532\bin
Launcher Type: SUN_STANDARD

[Global flags]
     intx CICompilerCount                          = 4                                         {product} {ergonomic}
     uint ConcGCThreads                            = 2                                         {product} {ergonomic}
     uint G1ConcRefinementThreads                  = 8                                         {product} {ergonomic}
   size_t G1HeapRegionSize                         = 1048576                                   {product} {ergonomic}
    uintx GCDrainStackTargetSize                   = 64                                        {product} {ergonomic}
   size_t InitialHeapSize                          = 127926272                                 {product} {ergonomic}
   size_t MarkStackSize                            = 4194304                                   {product} {ergonomic}
   size_t MaxHeapSize                              = 2040528896                                {product} {ergonomic}
   size_t MaxNewSize                               = 1223688192                                {product} {ergonomic}
   size_t MinHeapDeltaBytes                        = 1048576                                   {product} {ergonomic}
   size_t MinHeapSize                              = 8388608                                   {product} {ergonomic}
    uintx NonNMethodCodeHeapSize                   = 5839372                                {pd product} {ergonomic}
    uintx NonProfiledCodeHeapSize                  = 122909434                              {pd product} {ergonomic}
    uintx ProfiledCodeHeapSize                     = 122909434                              {pd product} {ergonomic}
    uintx ReservedCodeCacheSize                    = 251658240                              {pd product} {ergonomic}
     bool SegmentedCodeCache                       = true                                      {product} {ergonomic}
   size_t SoftMaxHeapSize                          = 2040528896                             {manageable} {ergonomic}
     bool UseCompressedClassPointers               = true                                 {lp64_product} {ergonomic}
     bool UseCompressedOops                        = true                                 {lp64_product} {ergonomic}
     bool UseG1GC                                  = true                                      {product} {ergonomic}
     bool UseLargePagesIndividualAllocation        = false                                  {pd product} {ergonomic}

Logging:
Log output configuration:
 #0: stdout all=warning uptime,level,tags
 #1: stderr all=off uptime,level,tags

Environment Variables:
PATH=C:/Program Files/AdoptOpenJDK/jdk-13.0.2.8-hotspot/bin/client;C:/Program Files/AdoptOpenJDK/jdk-13.0.2.8-hotspot/bin;C:\Program Files\AdoptOpenJDK\jdk-13.0.2.8-hotspot\bin;C:\windows\system32;C:\windows;C:\windows\System32\Wbem;C:\windows\System32\WindowsPowerShell\v1.0\;C:\windows\System32\OpenSSH\;C:\Program Files\MATLAB\R2019bb\bin;C:\Users\Axel\AppData\Local\Microsoft\WindowsApps;;C:\Users\Axel\AppData\Local\Programs\Microsoft VS Code\bin;C:\Program Files\JetBrains\PyCharm 2019.3.2\bin;;C:\Program Files\JetBrains\PyCharm Community Edition 2019.3.2\bin;;C:\windows\system32;
USERNAME=Axel
OS=Windows_NT
PROCESSOR_IDENTIFIER=Intel64 Family 6 Model 126 Stepping 5, GenuineIntel



---------------  S Y S T E M  ---------------

OS: Windows 10 , 64 bit Build 18362 (10.0.18362.900)

CPU:total 8 (initial active 8) (4 cores per cpu, 2 threads per core) family 6 model 126 stepping 5, cmov, cx8, fxsr, mmx, sse, sse2, sse3, ssse3, sse4.1, sse4.2, popcnt, avx, avx2, aes, clmul, erms, 3dnowpref, lzcnt, ht, tsc, tscinvbit, bmi1, bmi2, adx, evex, sha, fma

Memory: 4k page, system-wide physical 7782M (2293M free)
TotalPageFile size 8806M (AvailPageFile size 4M)
current process WorkingSet (physical memory assigned to process): 38M, peak: 38M
current process commit charge ("private bytes"): 212M, peak: 212M

vm_info: OpenJDK 64-Bit Server VM (13.0.2+8) for windows-amd64 JRE (13.0.2+8), built on Jan 17 2020 10:38:43 by "" with MS VC++ 15.8 (VS2017)

END.
